# JRE version: Java(TM) SE Runtime Environment (9.0+11) (build 9.0.4+11)
# Java VM: Java HotSpot(TM) 64-Bit Server VM (9.0.4+11, mixed mode, tiered, compressed oops, g1 gc, windows-amd64)
Heap:
 garbage-first heap   total 458752K, used 161060K [0x0000000700000000, 0x0000000700100e00, 0x00000007c0000000)
  region size 1024K, 17 young (17408K), 1 survivors (1024K)
 Metaspace       used 102357K, capacity 104462K, committed 111232K, reserved 1144832K
  class space    used 14932K, capacity 15395K, committed 16768K, reserved 1048576K
GC Heap History (10 events):
Event: 78052.189 GC heap before
{Heap before GC invocations=2727 (full 890):
 garbage-first heap   total 458752K, used 211890K [0x0000000700000000, 0x0000000700100e00, 0x00000007c0000000)
  region size 1024K, 60 young (61440K), 2 survivors (2048K)
 Metaspace       used 102353K, capacity 104462K, committed 111232K, reserved 1144832K
  class space    used 14932K, capacity 15395K, committed 16768K, reserved 1048576K
}
Event: 78052.194 GC heap after
{Heap after GC invocations=2728 (full 890):
 garbage-first heap   total 458752K, used 152307K [0x0000000700000000, 0x0000000700100e00, 0x00000007c0000000)
  region size 1024K, 1 young (1024K), 1 survivors (1024K)
 Metaspace       used 102353K, capacity 104462K, committed 111232K, reserved 1144832K
  class space    used 14932K, capacity 15395K, committed 16768K, reserved 1048576K
}
Event: 78058.343 GC heap before
{Heap before GC invocations=2728 (full 890):
 garbage-first heap   total 458752K, used 212723K [0x0000000700000000, 0x0000000700100e00, 0x00000007c0000000)
  region size 1024K, 60 young (61440K), 1 survivors (1024K)
 Metaspace       used 102353K, capacity 104462K, committed 111232K, reserved 1144832K
  class space    used 14932K, capacity 15395K, committed 16768K, reserved 1048576K
}
Event: 78058.347 GC heap after
{Heap after GC invocations=2729 (full 890):
 garbage-first heap   total 458752K, used 152383K [0x0000000700000000, 0x0000000700100e00, 0x00000007c0000000)
  region size 1024K, 1 young (1024K), 1 survivors (1024K)
 Metaspace       used 102353K, capacity 104462K, committed 111232K, reserved 1144832K
  class space    used 14932K, capacity 15395K, committed 16768K, reserved 1048576K
}
Event: 78058.586 GC heap before
{Heap before GC invocations=2729 (full 890):
 garbage-first heap   total 458752K, used 212799K [0x0000000700000000, 0x0000000700100e00, 0x00000007c0000000)
  region size 1024K, 60 young (61440K), 1 survivors (1024K)
 Metaspace       used 102353K, capacity 104462K, committed 111232K, reserved 1144832K
  class space    used 14932K, capacity 15395K, committed 16768K, reserved 1048576K
}
Event: 78058.590 GC heap after
{Heap after GC invocations=2730 (full 890):
 garbage-first heap   total 458752K, used 152347K [0x0000000700000000, 0x0000000700100e00, 0x00000007c0000000)
  region size 1024K, 1 young (1024K), 1 survivors (1024K)
 Metaspace       used 102353K, capacity 104462K, committed 111232K, reserved 1144832K
  class space    used 14932K, capacity 15395K, committed 16768K, reserved 1048576K
}
Event: 78059.746 GC heap before
{Heap before GC invocations=2730 (full 890):
 garbage-first heap   total 458752K, used 208667K [0x0000000700000000, 0x0000000700100e00, 0x00000007c0000000)
  region size 1024K, 53 young (54272K), 1 survivors (1024K)
 Metaspace       used 102353K, capacity 104462K, committed 111232K, reserved 1144832K
  class space    used 14932K, capacity 15395K, committed 16768K, reserved 1048576K
}
Event: 78060.130 GC heap after
{Heap after GC invocations=2731 (full 891):
 garbage-first heap   total 458752K, used 141207K [0x0000000700000000, 0x0000000700100e00, 0x00000007c0000000)
  region size 1024K, 0 young (0K), 0 survivors (0K)
 Metaspace       used 102353K, capacity 104462K, committed 111232K, reserved 1144832K
  class space    used 14932K, capacity 15395K, committed 16768K, reserved 1048576K
}
Event: 78063.273 GC heap before
{Heap before GC invocations=2731 (full 891):
 garbage-first heap   total 458752K, used 206743K [0x0000000700000000, 0x0000000700100e00, 0x00000007c0000000)
  region size 1024K, 60 young (61440K), 0 survivors (0K)
 Metaspace       used 102357K, capacity 104462K, committed 111232K, reserved 1144832K
  class space    used 14932K, capacity 15395K, committed 16768K, reserved 1048576K
}
Event: 78063.276 GC heap after
{Heap after GC invocations=2732 (full 891):
 garbage-first heap   total 458752K, used 145700K [0x0000000700000000, 0x0000000700100e00, 0x00000007c0000000)
  region size 1024K, 1 young (1024K), 1 survivors (1024K)
 Metaspace       used 102357K, capacity 104462K, committed 111232K, reserved 1144832K
  class space    used 14932K, capacity 15395K, committed 16768K, reserved 1048576K
}

